Using pre-set license
Built from '2020.3/release' branch; Version is '2020.3.7f1 (dd97f2c94397) revision 14522354'; Using compiler version '192528614'; Build Type 'Release'
OS: 'Windows 10 Enterprise; OS build 19041.1415; Version 2004; 64bit' Language: 'en' Physical Memory: 32683 MB
BatchMode: 1, IsHumanControllingUs: 0, StartBugReporterOnCrash: 0, Is64bit: 1, IsPro: 0

 COMMAND LINE ARGUMENTS:
C:\Program Files\Unity\Editor\Unity.exe
-adb2
-batchMode
-noUpm
-name
AssetImportWorker0
-projectPath
C:/Users/ewalk/Documents/GitHub/Mary-GAD170-1
-logFile
Logs/AssetImportWorker0.log
-srvPort
50877
Successfully changed project path to: C:/Users/ewalk/Documents/GitHub/Mary-GAD170-1
C:/Users/ewalk/Documents/GitHub/Mary-GAD170-1
Using Asset Import Pipeline V2.
Refreshing native plugins compatible for Editor in 22.22 ms, found 0 plugins.
Preloading 0 native plugins for Editor in 0.00 ms.
Initialize engine version: 2020.3.7f1 (dd97f2c94397)
[Subsystems] Discovering subsystems at path C:/Program Files/Unity/Editor/Data/Resources/UnitySubsystems
[Subsystems] Discovering subsystems at path C:/Users/ewalk/Documents/GitHub/Mary-GAD170-1/Assets
GfxDevice: creating device client; threaded=0
Direct3D:
    Version:  Direct3D 11.0 [level 11.1]
    Renderer: NVIDIA GeForce GTX 980 (ID=0x13c0)
    Vendor:   
    VRAM:     4053 MB
    Driver:   27.21.14.5671
Initialize mono
Mono path[0] = 'C:/Program Files/Unity/Editor/Data/Managed'
Mono path[1] = 'C:/Program Files/Unity/Editor/Data/MonoBleedingEdge/lib/mono/unityjit'
Mono config path = 'C:/Program Files/Unity/Editor/Data/MonoBleedingEdge/etc'
Using monoOptions --debugger-agent=transport=dt_socket,embedding=1,server=y,suspend=n,address=127.0.0.1:56776
Begin MonoManager ReloadAssembly
Registering precompiled unity dll's ...
Register platform support module: C:/Program Files/Unity/Editor/Data/PlaybackEngines/WindowsStandaloneSupport/UnityEditor.WindowsStandalone.Extensions.dll
Registered in 0.002659 seconds.
Native extension for WindowsStandalone target not found
Refreshing native plugins compatible for Editor in 22.20 ms, found 0 plugins.
Preloading 0 native plugins for Editor in 0.00 ms.
Mono: successfully reloaded assembly
- Completed reload, in  1.285 seconds
Platform modules already initialized, skipping
Registering precompiled user dll's ...
Registered in 0.001885 seconds.
Begin MonoManager ReloadAssembly
Native extension for WindowsStandalone target not found
Refreshing native plugins compatible for Editor in 0.18 ms, found 0 plugins.
Preloading 0 native plugins for Editor in 0.00 ms.
Mono: successfully reloaded assembly
- Completed reload, in  0.823 seconds
Platform modules already initialized, skipping
========================================================================
Worker process is ready to serve import requests
Launched and connected shader compiler UnityShaderCompiler.exe after 0.08 seconds
Refreshing native plugins compatible for Editor in 0.24 ms, found 0 plugins.
Preloading 0 native plugins for Editor in 0.00 ms.
Unloading 1115 Unused Serialized files (Serialized files now loaded: 0)
System memory in use before: 56.9 MB.
System memory in use after: 57.0 MB.

Unloading 9 unused Assets to reduce memory usage. Loaded Objects now: 1558.
Total: 2.120700 ms (FindLiveObjects: 0.233500 ms CreateObjectMapping: 0.037400 ms MarkObjects: 1.749700 ms  DeleteObjects: 0.099100 ms)

========================================================================
Received Import Request.
  path: Assets/Scenes
  artifactKey: Guid(83cc78b7deb4f80478cdf41621f143f1) Importer(815301076,1909f56bfc062723c751e8b465ee728b)
Start importing Assets/Scenes using Guid(83cc78b7deb4f80478cdf41621f143f1) Importer(815301076,1909f56bfc062723c751e8b465ee728b)  -> (artifact id: '64c2c6fdba757402f53682a0ad678743') in 0.004338 seconds
  Import took 0.006139 seconds .

========================================================================
Received Import Request.
  Time since last request: 0.000409 seconds.
  path: Assets/Scenes/SampleScene.unity
  artifactKey: Guid(9fc0d4010bbf28b4594072e72b8655ab) Importer(815301076,1909f56bfc062723c751e8b465ee728b)
Start importing Assets/Scenes/SampleScene.unity using Guid(9fc0d4010bbf28b4594072e72b8655ab) Importer(815301076,1909f56bfc062723c751e8b465ee728b)  -> (artifact id: '92a06245d9f63a37d1a10fcc5abca814') in 0.010988 seconds
  Import took 0.013042 seconds .

========================================================================
Received Import Request.
  Time since last request: 9.911340 seconds.
  path: Assets
  artifactKey: Guid(00000000000000001000000000000000) Importer(815301076,1909f56bfc062723c751e8b465ee728b)
Start importing Assets using Guid(00000000000000001000000000000000) Importer(815301076,1909f56bfc062723c751e8b465ee728b)  -> (artifact id: '5f6a1853b736837ecfb0820a881449cb') in 0.003429 seconds
  Import took 0.005695 seconds .

========================================================================
Received Prepare
Registering precompiled user dll's ...
Registered in 0.001320 seconds.
Begin MonoManager ReloadAssembly
Native extension for WindowsStandalone target not found
Refreshing native plugins compatible for Editor in 0.19 ms, found 0 plugins.
Preloading 0 native plugins for Editor in 0.00 ms.
Mono: successfully reloaded assembly
- Completed reload, in  0.773 seconds
Platform modules already initialized, skipping
Refreshing native plugins compatible for Editor in 0.25 ms, found 0 plugins.
Preloading 0 native plugins for Editor in 0.00 ms.
Unloading 1110 Unused Serialized files (Serialized files now loaded: 0)
System memory in use before: 56.8 MB.
System memory in use after: 56.9 MB.

Unloading 4 unused Assets to reduce memory usage. Loaded Objects now: 1562.
Total: 1.899100 ms (FindLiveObjects: 0.226600 ms CreateObjectMapping: 0.043900 ms MarkObjects: 1.578700 ms  DeleteObjects: 0.048900 ms)

========================================================================
Received Import Request.
  Time since last request: 62.765100 seconds.
  path: Assets/NewBehaviourScript.cs
  artifactKey: Guid(3616176f07cf2f74b878856dfa1d72ec) Importer(815301076,1909f56bfc062723c751e8b465ee728b)
Start importing Assets/NewBehaviourScript.cs using Guid(3616176f07cf2f74b878856dfa1d72ec) Importer(815301076,1909f56bfc062723c751e8b465ee728b)  -> (artifact id: '101c2d8e32f5feaff26bb3b8c2c29a4c') in 0.057492 seconds
  Import took 0.059653 seconds .

========================================================================
Received Prepare
Registering precompiled user dll's ...
Registered in 0.001388 seconds.
Begin MonoManager ReloadAssembly
Native extension for WindowsStandalone target not found
Refreshing native plugins compatible for Editor in 0.30 ms, found 0 plugins.
Preloading 0 native plugins for Editor in 0.00 ms.
Mono: successfully reloaded assembly
- Completed reload, in  0.902 seconds
Platform modules already initialized, skipping
Refreshing native plugins compatible for Editor in 0.20 ms, found 0 plugins.
Preloading 0 native plugins for Editor in 0.00 ms.
Unloading 1110 Unused Serialized files (Serialized files now loaded: 0)
System memory in use before: 56.8 MB.
System memory in use after: 56.9 MB.

Unloading 4 unused Assets to reduce memory usage. Loaded Objects now: 1565.
Total: 1.808600 ms (FindLiveObjects: 0.188200 ms CreateObjectMapping: 0.051100 ms MarkObjects: 1.527500 ms  DeleteObjects: 0.040500 ms)

========================================================================
Received Import Request.
  Time since last request: 1722.772349 seconds.
  path: Assets/NewBehaviourScript.cs
  artifactKey: Guid(3616176f07cf2f74b878856dfa1d72ec) Importer(815301076,1909f56bfc062723c751e8b465ee728b)
Start importing Assets/NewBehaviourScript.cs using Guid(3616176f07cf2f74b878856dfa1d72ec) Importer(815301076,1909f56bfc062723c751e8b465ee728b)  -> (artifact id: '5c1226247a0a6d4a5fe5a1d08a167773') in 0.007371 seconds
  Import took 0.010331 seconds .

========================================================================
Received Prepare
Registering precompiled user dll's ...
Registered in 0.002873 seconds.
Begin MonoManager ReloadAssembly
Native extension for WindowsStandalone target not found
Refreshing native plugins compatible for Editor in 0.23 ms, found 0 plugins.
Preloading 0 native plugins for Editor in 0.00 ms.
Mono: successfully reloaded assembly
- Completed reload, in  0.936 seconds
Platform modules already initialized, skipping
Refreshing native plugins compatible for Editor in 0.20 ms, found 0 plugins.
Preloading 0 native plugins for Editor in 0.00 ms.
Unloading 1110 Unused Serialized files (Serialized files now loaded: 0)
System memory in use before: 56.8 MB.
System memory in use after: 56.9 MB.

Unloading 4 unused Assets to reduce memory usage. Loaded Objects now: 1568.
Total: 1.564300 ms (FindLiveObjects: 0.111100 ms CreateObjectMapping: 0.031600 ms MarkObjects: 1.409600 ms  DeleteObjects: 0.011100 ms)

========================================================================
Received Import Request.
  Time since last request: 45.440700 seconds.
  path: Assets/NewBehaviourScript.cs
  artifactKey: Guid(3616176f07cf2f74b878856dfa1d72ec) Importer(815301076,1909f56bfc062723c751e8b465ee728b)
Start importing Assets/NewBehaviourScript.cs using Guid(3616176f07cf2f74b878856dfa1d72ec) Importer(815301076,1909f56bfc062723c751e8b465ee728b)  -> (artifact id: '63d80b5a1afae8e62f2eb455ae0a9190') in 0.004627 seconds
  Import took 0.006645 seconds .

========================================================================
Received Prepare
Registering precompiled user dll's ...
Registered in 0.001788 seconds.
Begin MonoManager ReloadAssembly
Native extension for WindowsStandalone target not found
Refreshing native plugins compatible for Editor in 0.27 ms, found 0 plugins.
Preloading 0 native plugins for Editor in 0.00 ms.
Mono: successfully reloaded assembly
- Completed reload, in  1.018 seconds
Platform modules already initialized, skipping
Refreshing native plugins compatible for Editor in 0.21 ms, found 0 plugins.
Preloading 0 native plugins for Editor in 0.00 ms.
Unloading 1110 Unused Serialized files (Serialized files now loaded: 0)
System memory in use before: 56.8 MB.
System memory in use after: 56.9 MB.

Unloading 4 unused Assets to reduce memory usage. Loaded Objects now: 1571.
Total: 2.007000 ms (FindLiveObjects: 0.150400 ms CreateObjectMapping: 0.044900 ms MarkObjects: 1.793400 ms  DeleteObjects: 0.016200 ms)

========================================================================
Received Import Request.
  Time since last request: 856.172609 seconds.
  path: Assets/NewBehaviourScript.cs
  artifactKey: Guid(3616176f07cf2f74b878856dfa1d72ec) Importer(815301076,1909f56bfc062723c751e8b465ee728b)
Start importing Assets/NewBehaviourScript.cs using Guid(3616176f07cf2f74b878856dfa1d72ec) Importer(815301076,1909f56bfc062723c751e8b465ee728b)  -> (artifact id: 'e8a0afdbfa62f61c88c455a39b8ed695') in 0.004784 seconds
  Import took 0.007454 seconds .

========================================================================
Received Prepare
Registering precompiled user dll's ...
Registered in 0.002126 seconds.
Begin MonoManager ReloadAssembly
Native extension for WindowsStandalone target not found
Refreshing native plugins compatible for Editor in 0.37 ms, found 0 plugins.
Preloading 0 native plugins for Editor in 0.00 ms.
Mono: successfully reloaded assembly
- Completed reload, in  1.065 seconds
Platform modules already initialized, skipping
Refreshing native plugins compatible for Editor in 0.27 ms, found 0 plugins.
Preloading 0 native plugins for Editor in 0.00 ms.
Unloading 1110 Unused Serialized files (Serialized files now loaded: 0)
System memory in use before: 56.8 MB.
System memory in use after: 56.9 MB.

Unloading 4 unused Assets to reduce memory usage. Loaded Objects now: 1574.
Total: 1.974100 ms (FindLiveObjects: 0.132200 ms CreateObjectMapping: 0.037100 ms MarkObjects: 1.786000 ms  DeleteObjects: 0.017500 ms)

========================================================================
Received Import Request.
  Time since last request: 737.034495 seconds.
  path: Assets/NewBehaviourScript.cs
  artifactKey: Guid(3616176f07cf2f74b878856dfa1d72ec) Importer(815301076,1909f56bfc062723c751e8b465ee728b)
Start importing Assets/NewBehaviourScript.cs using Guid(3616176f07cf2f74b878856dfa1d72ec) Importer(815301076,1909f56bfc062723c751e8b465ee728b)  -> (artifact id: '08b8e9195683f34d3766ef25d17d5da7') in 0.005791 seconds
  Import took 0.008401 seconds .

========================================================================
Received Import Request.
  Time since last request: 22.084822 seconds.
  path: Assets/NewBehaviourScript.cs
  artifactKey: Guid(3616176f07cf2f74b878856dfa1d72ec) Importer(815301076,1909f56bfc062723c751e8b465ee728b)
Start importing Assets/NewBehaviourScript.cs using Guid(3616176f07cf2f74b878856dfa1d72ec) Importer(815301076,1909f56bfc062723c751e8b465ee728b)  -> (artifact id: 'aaffc90dd15859216eff7ffc0f94d9cb') in 0.003609 seconds
  Import took 0.006394 seconds .

========================================================================
Received Import Request.
  Time since last request: 192.185540 seconds.
  path: Assets/XPSystem.cs
  artifactKey: Guid(12617e55d25aed24fa6e634c7d45c931) Importer(815301076,1909f56bfc062723c751e8b465ee728b)
Start importing Assets/XPSystem.cs using Guid(12617e55d25aed24fa6e634c7d45c931) Importer(815301076,1909f56bfc062723c751e8b465ee728b)  -> (artifact id: '691cf2c56a1f1f5f17ad8283330bab12') in 0.004027 seconds
  Import took 0.006602 seconds .

========================================================================
Received Import Request.
  Time since last request: 628.299996 seconds.
  path: Assets/XPSystem.cs
  artifactKey: Guid(12617e55d25aed24fa6e634c7d45c931) Importer(815301076,1909f56bfc062723c751e8b465ee728b)
Start importing Assets/XPSystem.cs using Guid(12617e55d25aed24fa6e634c7d45c931) Importer(815301076,1909f56bfc062723c751e8b465ee728b)  -> (artifact id: '2070d98d9f0ebb9e8e620a44a02bbbe6') in 0.007493 seconds
  Import took 0.012624 seconds .

========================================================================
Received Import Request.
  Time since last request: 31.065785 seconds.
  path: Assets/XP.unity
  artifactKey: Guid(ed6cf25b2043b1b40a8d351484123447) Importer(815301076,1909f56bfc062723c751e8b465ee728b)
Start importing Assets/XP.unity using Guid(ed6cf25b2043b1b40a8d351484123447) Importer(815301076,1909f56bfc062723c751e8b465ee728b)  -> (artifact id: '2180bb5ebe3ae961569cc6731700084c') in 0.010887 seconds
  Import took 0.012925 seconds .

